# JRE version: Java(TM) SE Runtime Environment (8.0_191-b12) (build 1.8.0_191-b12)
# Java VM: Java HotSpot(TM) 64-Bit Server VM (25.191-b12 mixed mode windows-amd64 compressed oops)
Heap:
 PSYoungGen      total 26624K, used 18303K [0x00000000ebb80000, 0x00000000ee000000, 0x0000000100000000)
  eden space 15872K, 93% used [0x00000000ebb80000,0x00000000ec9f0420,0x00000000ecb00000)
  from space 10752K, 32% used [0x00000000ecb00000,0x00000000ece6f9d0,0x00000000ed580000)
  to   space 10752K, 0% used [0x00000000ed580000,0x00000000ed580000,0x00000000ee000000)
 ParOldGen       total 61440K, used 53728K [0x00000000c3200000, 0x00000000c6e00000, 0x00000000ebb80000)
  object space 61440K, 87% used [0x00000000c3200000,0x00000000c66782f0,0x00000000c6e00000)
 Metaspace       used 22910K, capacity 24366K, committed 24576K, reserved 1071104K
  class space    used 3205K, capacity 3492K, committed 3584K, reserved 1048576K
GC Heap History (10 events):
Event: 38.330 GC heap before
{Heap before GC invocations=5 (full 1):
 PSYoungGen      total 18432K, used 2537K [0x00000000ebb80000, 0x00000000ed000000, 0x0000000100000000)
  eden space 15872K, 0% used [0x00000000ebb80000,0x00000000ebb80000,0x00000000ecb00000)
  from space 2560K, 99% used [0x00000000ecd80000,0x00000000ecffa738,0x00000000ed000000)
  to   space 2560K, 0% used [0x00000000ecb00000,0x00000000ecb00000,0x00000000ecd80000)
 ParOldGen       total 42496K, used 27447K [0x00000000c3200000, 0x00000000c5b80000, 0x00000000ebb80000)
  object space 42496K, 64% used [0x00000000c3200000,0x00000000c4ccdf10,0x00000000c5b80000)
 Metaspace       used 20295K, capacity 21148K, committed 21296K, reserved 1067008K
  class space    used 2877K, capacity 3083K, committed 3200K, reserved 1048576K
Event: 38.440 GC heap after
Heap after GC invocations=5 (full 1):
 PSYoungGen      total 18432K, used 0K [0x00000000ebb80000, 0x00000000ed000000, 0x0000000100000000)
  eden space 15872K, 0% used [0x00000000ebb80000,0x00000000ebb80000,0x00000000ecb00000)
  from space 2560K, 0% used [0x00000000ecd80000,0x00000000ecd80000,0x00000000ed000000)
  to   space 2560K, 0% used [0x00000000ecb00000,0x00000000ecb00000,0x00000000ecd80000)
 ParOldGen       total 55808K, used 28733K [0x00000000c3200000, 0x00000000c6880000, 0x00000000ebb80000)
  object space 55808K, 51% used [0x00000000c3200000,0x00000000c4e0f7c8,0x00000000c6880000)
 Metaspace       used 20295K, capacity 21148K, committed 21296K, reserved 1067008K
  class space    used 2877K, capacity 3083K, committed 3200K, reserved 1048576K
}
Event: 88.767 GC heap before
{Heap before GC invocations=6 (full 1):
 PSYoungGen      total 18432K, used 15872K [0x00000000ebb80000, 0x00000000ed000000, 0x0000000100000000)
  eden space 15872K, 100% used [0x00000000ebb80000,0x00000000ecb00000,0x00000000ecb00000)
  from space 2560K, 0% used [0x00000000ecd80000,0x00000000ecd80000,0x00000000ed000000)
  to   space 2560K, 0% used [0x00000000ecb00000,0x00000000ecb00000,0x00000000ecd80000)
 ParOldGen       total 55808K, used 28733K [0x00000000c3200000, 0x00000000c6880000, 0x00000000ebb80000)
  object space 55808K, 51% used [0x00000000c3200000,0x00000000c4e0f7c8,0x00000000c6880000)
 Metaspace       used 22302K, capacity 23716K, committed 23936K, reserved 1069056K
  class space    used 3150K, capacity 3411K, committed 3456K, reserved 1048576K
Event: 88.773 GC heap after
Heap after GC invocations=6 (full 1):
 PSYoungGen      total 18432K, used 2560K [0x00000000ebb80000, 0x00000000ee000000, 0x0000000100000000)
  eden space 15872K, 0% used [0x00000000ebb80000,0x00000000ebb80000,0x00000000ecb00000)
  from space 2560K, 100% used [0x00000000ecb00000,0x00000000ecd80000,0x00000000ecd80000)
  to   space 10752K, 0% used [0x00000000ed580000,0x00000000ed580000,0x00000000ee000000)
 ParOldGen       total 55808K, used 32045K [0x00000000c3200000, 0x00000000c6880000, 0x00000000ebb80000)
  object space 55808K, 57% used [0x00000000c3200000,0x00000000c514b7e8,0x00000000c6880000)
 Metaspace       used 22302K, capacity 23716K, committed 23936K, reserved 1069056K
  class space    used 3150K, capacity 3411K, committed 3456K, reserved 1048576K
}
Event: 91.014 GC heap before
{Heap before GC invocations=7 (full 1):
 PSYoungGen      total 18432K, used 16339K [0x00000000ebb80000, 0x00000000ee000000, 0x0000000100000000)
  eden space 15872K, 86% used [0x00000000ebb80000,0x00000000ec8f4e48,0x00000000ecb00000)
  from space 2560K, 100% used [0x00000000ecb00000,0x00000000ecd80000,0x00000000ecd80000)
  to   space 10752K, 0% used [0x00000000ed580000,0x00000000ed580000,0x00000000ee000000)
 ParOldGen       total 55808K, used 32045K [0x00000000c3200000, 0x00000000c6880000, 0x00000000ebb80000)
  object space 55808K, 57% used [0x00000000c3200000,0x00000000c514b7e8,0x00000000c6880000)
 Metaspace       used 22475K, capacity 23878K, committed 23936K, reserved 1069056K
  class space    used 3153K, capacity 3416K, committed 3456K, reserved 1048576K
Event: 91.025 GC heap after
Heap after GC invocations=7 (full 1):
 PSYoungGen      total 26624K, used 3184K [0x00000000ebb80000, 0x00000000ee000000, 0x0000000100000000)
  eden space 15872K, 0% used [0x00000000ebb80000,0x00000000ebb80000,0x00000000ecb00000)
  from space 10752K, 29% used [0x00000000ed580000,0x00000000ed89c1c8,0x00000000ee000000)
  to   space 10752K, 0% used [0x00000000ecb00000,0x00000000ecb00000,0x00000000ed580000)
 ParOldGen       total 55808K, used 42858K [0x00000000c3200000, 0x00000000c6880000, 0x00000000ebb80000)
  object space 55808K, 76% used [0x00000000c3200000,0x00000000c5bda9f8,0x00000000c6880000)
 Metaspace       used 22475K, capacity 23878K, committed 23936K, reserved 1069056K
  class space    used 3153K, capacity 3416K, committed 3456K, reserved 1048576K
}
Event: 91.025 GC heap before
{Heap before GC invocations=8 (full 2):
 PSYoungGen      total 26624K, used 3184K [0x00000000ebb80000, 0x00000000ee000000, 0x0000000100000000)
  eden space 15872K, 0% used [0x00000000ebb80000,0x00000000ebb80000,0x00000000ecb00000)
  from space 10752K, 29% used [0x00000000ed580000,0x00000000ed89c1c8,0x00000000ee000000)
  to   space 10752K, 0% used [0x00000000ecb00000,0x00000000ecb00000,0x00000000ed580000)
 ParOldGen       total 55808K, used 42858K [0x00000000c3200000, 0x00000000c6880000, 0x00000000ebb80000)
  object space 55808K, 76% used [0x00000000c3200000,0x00000000c5bda9f8,0x00000000c6880000)
 Metaspace       used 22475K, capacity 23878K, committed 23936K, reserved 1069056K
  class space    used 3153K, capacity 3416K, committed 3456K, reserved 1048576K
Event: 91.071 GC heap after
Heap after GC invocations=8 (full 2):
 PSYoungGen      total 26624K, used 0K [0x00000000ebb80000, 0x00000000ee000000, 0x0000000100000000)
  eden space 15872K, 0% used [0x00000000ebb80000,0x00000000ebb80000,0x00000000ecb00000)
  from space 10752K, 0% used [0x00000000ed580000,0x00000000ed580000,0x00000000ee000000)
  to   space 10752K, 0% used [0x00000000ecb00000,0x00000000ecb00000,0x00000000ed580000)
 ParOldGen       total 61440K, used 32111K [0x00000000c3200000, 0x00000000c6e00000, 0x00000000ebb80000)
  object space 61440K, 52% used [0x00000000c3200000,0x00000000c515bed0,0x00000000c6e00000)
 Metaspace       used 22475K, capacity 23878K, committed 23936K, reserved 1069056K
  class space    used 3153K, capacity 3416K, committed 3456K, reserved 1048576K
}
Event: 91.220 GC heap before
{Heap before GC invocations=9 (full 2):
 PSYoungGen      total 26624K, used 14956K [0x00000000ebb80000, 0x00000000ee000000, 0x0000000100000000)
  eden space 15872K, 94% used [0x00000000ebb80000,0x00000000eca1b388,0x00000000ecb00000)
  from space 10752K, 0% used [0x00000000ed580000,0x00000000ed580000,0x00000000ee000000)
  to   space 10752K, 0% used [0x00000000ecb00000,0x00000000ecb00000,0x00000000ed580000)
 ParOldGen       total 61440K, used 32111K [0x00000000c3200000, 0x00000000c6e00000, 0x00000000ebb80000)
  object space 61440K, 52% used [0x00000000c3200000,0x00000000c515bed0,0x00000000c6e00000)
 Metaspace       used 22621K, capacity 24038K, committed 24192K, reserved 1071104K
  class space    used 3183K, capacity 3448K, committed 3456K, reserved 1048576K
Event: 91.224 GC heap after
Heap after GC invocations=9 (full 2):
 PSYoungGen      total 26624K, used 3518K [0x00000000ebb80000, 0x00000000ee000000, 0x0000000100000000)
  eden space 15872K, 0% used [0x00000000ebb80000,0x00000000ebb80000,0x00000000ecb00000)
  from space 10752K, 32% used [0x00000000ecb00000,0x00000000ece6f9d0,0x00000000ed580000)
  to   space 10752K, 0% used [0x00000000ed580000,0x00000000ed580000,0x00000000ee000000)
 ParOldGen       total 61440K, used 42924K [0x00000000c3200000, 0x00000000c6e00000, 0x00000000ebb80000)
  object space 61440K, 69% used [0x00000000c3200000,0x00000000c5beb0e0,0x00000000c6e00000)
 Metaspace       used 22621K, capacity 24038K, committed 24192K, reserved 1071104K
  class space    used 3183K, capacity 3448K, committed 3456K, reserved 1048576K
}

